[debug] [2025-08-20T23:26:05.637Z] ----------------------------------------------------------------------
[debug] [2025-08-20T23:26:05.641Z] Command:       D:\node.exe C:\Users\ColorVision Tech\AppData\Roaming\npm\node_modules\firebase-tools\lib\bin\firebase.js deploy --only hosting
[debug] [2025-08-20T23:26:05.641Z] CLI Version:   14.12.1
[debug] [2025-08-20T23:26:05.642Z] Platform:      win32
[debug] [2025-08-20T23:26:05.642Z] Node Version:  v22.18.0
[debug] [2025-08-20T23:26:05.642Z] Time:          Wed Aug 20 2025 16:26:05 GMT-0700 (Pacific Daylight Time)
[debug] [2025-08-20T23:26:05.642Z] ----------------------------------------------------------------------
[debug] 
[debug] [2025-08-20T23:26:05.961Z] > command requires scopes: ["email","openid","https://www.googleapis.com/auth/cloudplatformprojects.readonly","https://www.googleapis.com/auth/firebase","https://www.googleapis.com/auth/cloud-platform"]
[debug] [2025-08-20T23:26:05.961Z] > authorizing via signed-in user (manuwinfred369@gmail.com)
[debug] [2025-08-20T23:26:05.962Z] [iam] checking project eclinic-ghana-project-c9747 for permissions ["firebase.projects.get","firebasehosting.sites.update"]
[debug] [2025-08-20T23:26:05.963Z] Checked if tokens are valid: true, expires at: 1755734178832
[debug] [2025-08-20T23:26:05.963Z] Checked if tokens are valid: true, expires at: 1755734178832
[debug] [2025-08-20T23:26:05.965Z] >>> [apiv2][query] POST https://cloudresourcemanager.googleapis.com/v1/projects/eclinic-ghana-project-c9747:testIamPermissions [none]
[debug] [2025-08-20T23:26:05.965Z] >>> [apiv2][(partial)header] POST https://cloudresourcemanager.googleapis.com/v1/projects/eclinic-ghana-project-c9747:testIamPermissions x-goog-quota-user=projects/eclinic-ghana-project-c9747
[debug] [2025-08-20T23:26:05.965Z] >>> [apiv2][body] POST https://cloudresourcemanager.googleapis.com/v1/projects/eclinic-ghana-project-c9747:testIamPermissions {"permissions":["firebase.projects.get","firebasehosting.sites.update"]}
[debug] [2025-08-20T23:26:08.254Z] <<< [apiv2][status] POST https://cloudresourcemanager.googleapis.com/v1/projects/eclinic-ghana-project-c9747:testIamPermissions 200
[debug] [2025-08-20T23:26:08.254Z] <<< [apiv2][body] POST https://cloudresourcemanager.googleapis.com/v1/projects/eclinic-ghana-project-c9747:testIamPermissions {"permissions":["firebase.projects.get","firebasehosting.sites.update"]}
[debug] [2025-08-20T23:26:08.255Z] Checked if tokens are valid: true, expires at: 1755734178832
[debug] [2025-08-20T23:26:08.255Z] Checked if tokens are valid: true, expires at: 1755734178832
[debug] [2025-08-20T23:26:08.256Z] >>> [apiv2][query] GET https://firebase.googleapis.com/v1beta1/projects/eclinic-ghana-project-c9747 [none]
[debug] [2025-08-20T23:26:08.959Z] <<< [apiv2][status] GET https://firebase.googleapis.com/v1beta1/projects/eclinic-ghana-project-c9747 200
[debug] [2025-08-20T23:26:08.960Z] <<< [apiv2][body] GET https://firebase.googleapis.com/v1beta1/projects/eclinic-ghana-project-c9747 {"projectId":"eclinic-ghana-project-c9747","projectNumber":"848469102189","displayName":"eclinic-ghana-project","name":"projects/eclinic-ghana-project-c9747","resources":{"hostingSite":"eclinic-ghana-project-c9747"},"state":"ACTIVE","etag":"1_029df0e4-0c63-4825-bafe-273edf3f06e9"}
[info] 
[info] === Deploying to 'eclinic-ghana-project-c9747'...
[info] 
[info] i  deploying hosting 
[debug] [2025-08-20T23:26:08.969Z] Checked if tokens are valid: true, expires at: 1755734178832
[debug] [2025-08-20T23:26:08.969Z] Checked if tokens are valid: true, expires at: 1755734178832
[debug] [2025-08-20T23:26:08.969Z] >>> [apiv2][query] POST https://firebasehosting.googleapis.com/v1beta1/projects/-/sites/eclinic-ghana-project-c9747/versions [none]
[debug] [2025-08-20T23:26:08.969Z] >>> [apiv2][body] POST https://firebasehosting.googleapis.com/v1beta1/projects/-/sites/eclinic-ghana-project-c9747/versions {"status":"CREATED","labels":{"deployment-tool":"cli-firebase"}}
[debug] [2025-08-20T23:26:11.057Z] <<< [apiv2][status] POST https://firebasehosting.googleapis.com/v1beta1/projects/-/sites/eclinic-ghana-project-c9747/versions 200
[debug] [2025-08-20T23:26:11.057Z] <<< [apiv2][body] POST https://firebasehosting.googleapis.com/v1beta1/projects/-/sites/eclinic-ghana-project-c9747/versions {"name":"projects/848469102189/sites/eclinic-ghana-project-c9747/versions/a9001ca5c6439200","status":"CREATED","config":{},"labels":{"deployment-tool":"cli-firebase"}}
[info] i  hosting[eclinic-ghana-project-c9747]: beginning deploy... 
[info] i  hosting[eclinic-ghana-project-c9747]: found 16 files in build 
[debug] [2025-08-20T23:26:11.079Z] [hosting] uploading with 200 concurrency
[debug] [2025-08-20T23:26:11.421Z] Checked if tokens are valid: true, expires at: 1755734178832
[debug] [2025-08-20T23:26:11.421Z] Checked if tokens are valid: true, expires at: 1755734178832
[debug] [2025-08-20T23:26:11.423Z] [hosting] hash cache [YnVpbGQ] stored for 16 files
[debug] [2025-08-20T23:26:11.423Z] [hosting][hash queue][FINAL] {"max":319,"min":3,"avg":39.375,"active":0,"complete":16,"success":16,"errored":0,"retried":0,"total":16,"elapsed":325}
[debug] [2025-08-20T23:26:11.423Z] >>> [apiv2][query] POST https://firebasehosting.googleapis.com/v1beta1/projects/848469102189/sites/eclinic-ghana-project-c9747/versions/a9001ca5c6439200:populateFiles [none]
[debug] [2025-08-20T23:26:11.423Z] >>> [apiv2][body] POST https://firebasehosting.googleapis.com/v1beta1/projects/848469102189/sites/eclinic-ghana-project-c9747/versions/a9001ca5c6439200:populateFiles {"files":{"/robots.txt":"bfe106a3fb878dc83461c86818bf74fc1bdc7f28538ba613cd3e775516ce8b49","/manifest.json":"2e0f300e3f0585f4ed1b60ea7233bf6884c12fe47834e8b69558d1ed20da9750","/logo512.png":"885d1a537717092df747a1e904fb287c30308c1781e3271cdcc19cc4253b9349","/logo192.png":"9681b0cc07e3b6b5b722cc4bc3ea84bc37402f7120e7d7a80e4c032e50212b2f","/favicon.ico":"ecc334cacfd1627465348e13fe5784a75bd08cf76b9051fcf65613396aa0fea8","/index.html":"6ac22c96c2b64cdad503a8ef532d55a8b221bfecfc422edb56775cf69175a3e0","/asset-manifest.json":"d9ea22102374b88b6fa3aada8046057a8656b550f2613d098da653bae4a7c2e3","/service-worker.js":"679b6fc33d9609bb310fc13cf2a3541ab79403e84b9bfd13bf85bbe7b814a2bf","/static/js/main.6e159764.js.LICENSE.txt":"bce815f06d63cc53b88ad674873b8a6c5136453e152c5ebe05d601ec41e27c87","/static/css/main.222c3e34.css.map":"a3774c6d67af2fbb0004772dc96a62c7999989f6c0d78ef5c696ce383978dfc3","/static/css/main.222c3e34.css":"4b2f6e02f4901faa23612072813978d9abf72523b95a7c6a5421a660350299f5","/service-worker.js.map":"41ee41a5113e6eeeb2e122ddd15c63828e07ea83974ca8c80c1c260c28b5c409","/static/js/main.6e159764.js":"62845adab7256d5543a6db30c939d60e792016ce29791075f61a8125723cf001","/static/media/pexels-shkrabaanthony-5215000.433ed528887bb2ea76eb.jpg":"4945aed65708de8aa27581ecf74df65a90f2643a80f5cc6097ad745938bdfffb","/static/media/pexels-cottonbro-7578803.0ac13cf197c06b98edab.jpg":"400fa2842a6cca18349b1fa81fd50b3c890ca0a68c7c180264311b1751499783","/static/js/main.6e159764.js.map":"b95c2962e1861173de2da0a3c56e8df4007fcb0bc1b9dbf9fb675fb22f673402"}}
[debug] [2025-08-20T23:26:11.800Z] <<< [apiv2][status] POST https://firebasehosting.googleapis.com/v1beta1/projects/848469102189/sites/eclinic-ghana-project-c9747/versions/a9001ca5c6439200:populateFiles 200
[debug] [2025-08-20T23:26:11.800Z] <<< [apiv2][body] POST https://firebasehosting.googleapis.com/v1beta1/projects/848469102189/sites/eclinic-ghana-project-c9747/versions/a9001ca5c6439200:populateFiles {"uploadRequiredHashes":["b95c2962e1861173de2da0a3c56e8df4007fcb0bc1b9dbf9fb675fb22f673402","6ac22c96c2b64cdad503a8ef532d55a8b221bfecfc422edb56775cf69175a3e0","d9ea22102374b88b6fa3aada8046057a8656b550f2613d098da653bae4a7c2e3","679b6fc33d9609bb310fc13cf2a3541ab79403e84b9bfd13bf85bbe7b814a2bf","62845adab7256d5543a6db30c939d60e792016ce29791075f61a8125723cf001"],"uploadUrl":"https://upload-firebasehosting.googleapis.com/upload/sites/eclinic-ghana-project-c9747/versions/a9001ca5c6439200/files"}
[debug] [2025-08-20T23:26:11.801Z] Checked if tokens are valid: true, expires at: 1755734178832
[debug] [2025-08-20T23:26:11.801Z] Checked if tokens are valid: true, expires at: 1755734178832
[debug] [2025-08-20T23:26:11.802Z] Checked if tokens are valid: true, expires at: 1755734178832
[debug] [2025-08-20T23:26:11.802Z] Checked if tokens are valid: true, expires at: 1755734178832
[debug] [2025-08-20T23:26:11.802Z] Checked if tokens are valid: true, expires at: 1755734178832
[debug] [2025-08-20T23:26:11.802Z] Checked if tokens are valid: true, expires at: 1755734178832
[debug] [2025-08-20T23:26:11.802Z] Checked if tokens are valid: true, expires at: 1755734178832
[debug] [2025-08-20T23:26:11.802Z] Checked if tokens are valid: true, expires at: 1755734178832
[debug] [2025-08-20T23:26:11.802Z] Checked if tokens are valid: true, expires at: 1755734178832
[debug] [2025-08-20T23:26:11.802Z] Checked if tokens are valid: true, expires at: 1755734178832
[debug] [2025-08-20T23:26:11.802Z] >>> [apiv2][query] POST https://upload-firebasehosting.googleapis.com/upload/sites/eclinic-ghana-project-c9747/versions/a9001ca5c6439200/files/b95c2962e1861173de2da0a3c56e8df4007fcb0bc1b9dbf9fb675fb22f673402 [none]
[debug] [2025-08-20T23:26:11.802Z] >>> [apiv2][body] POST https://upload-firebasehosting.googleapis.com/upload/sites/eclinic-ghana-project-c9747/versions/a9001ca5c6439200/files/b95c2962e1861173de2da0a3c56e8df4007fcb0bc1b9dbf9fb675fb22f673402 [stream]
[debug] [2025-08-20T23:26:11.804Z] >>> [apiv2][query] POST https://upload-firebasehosting.googleapis.com/upload/sites/eclinic-ghana-project-c9747/versions/a9001ca5c6439200/files/6ac22c96c2b64cdad503a8ef532d55a8b221bfecfc422edb56775cf69175a3e0 [none]
[debug] [2025-08-20T23:26:11.804Z] >>> [apiv2][body] POST https://upload-firebasehosting.googleapis.com/upload/sites/eclinic-ghana-project-c9747/versions/a9001ca5c6439200/files/6ac22c96c2b64cdad503a8ef532d55a8b221bfecfc422edb56775cf69175a3e0 [stream]
[debug] [2025-08-20T23:26:11.805Z] >>> [apiv2][query] POST https://upload-firebasehosting.googleapis.com/upload/sites/eclinic-ghana-project-c9747/versions/a9001ca5c6439200/files/d9ea22102374b88b6fa3aada8046057a8656b550f2613d098da653bae4a7c2e3 [none]
[debug] [2025-08-20T23:26:11.805Z] >>> [apiv2][body] POST https://upload-firebasehosting.googleapis.com/upload/sites/eclinic-ghana-project-c9747/versions/a9001ca5c6439200/files/d9ea22102374b88b6fa3aada8046057a8656b550f2613d098da653bae4a7c2e3 [stream]
[debug] [2025-08-20T23:26:11.807Z] >>> [apiv2][query] POST https://upload-firebasehosting.googleapis.com/upload/sites/eclinic-ghana-project-c9747/versions/a9001ca5c6439200/files/679b6fc33d9609bb310fc13cf2a3541ab79403e84b9bfd13bf85bbe7b814a2bf [none]
[debug] [2025-08-20T23:26:11.807Z] >>> [apiv2][body] POST https://upload-firebasehosting.googleapis.com/upload/sites/eclinic-ghana-project-c9747/versions/a9001ca5c6439200/files/679b6fc33d9609bb310fc13cf2a3541ab79403e84b9bfd13bf85bbe7b814a2bf [stream]
[debug] [2025-08-20T23:26:11.808Z] >>> [apiv2][query] POST https://upload-firebasehosting.googleapis.com/upload/sites/eclinic-ghana-project-c9747/versions/a9001ca5c6439200/files/62845adab7256d5543a6db30c939d60e792016ce29791075f61a8125723cf001 [none]
[debug] [2025-08-20T23:26:11.808Z] >>> [apiv2][body] POST https://upload-firebasehosting.googleapis.com/upload/sites/eclinic-ghana-project-c9747/versions/a9001ca5c6439200/files/62845adab7256d5543a6db30c939d60e792016ce29791075f61a8125723cf001 [stream]
[debug] [2025-08-20T23:26:11.810Z] [hosting][populate queue][FINAL] {"max":381,"min":381,"avg":381,"active":0,"complete":1,"success":1,"errored":0,"retried":0,"total":1,"elapsed":389}
[debug] [2025-08-20T23:26:11.810Z] [hosting] uploads queued: 5
[debug] [2025-08-20T23:26:14.062Z] <<< [apiv2][status] POST https://upload-firebasehosting.googleapis.com/upload/sites/eclinic-ghana-project-c9747/versions/a9001ca5c6439200/files/679b6fc33d9609bb310fc13cf2a3541ab79403e84b9bfd13bf85bbe7b814a2bf 200
[debug] [2025-08-20T23:26:14.062Z] <<< [apiv2][body] POST https://upload-firebasehosting.googleapis.com/upload/sites/eclinic-ghana-project-c9747/versions/a9001ca5c6439200/files/679b6fc33d9609bb310fc13cf2a3541ab79403e84b9bfd13bf85bbe7b814a2bf [stream]
[debug] [2025-08-20T23:26:14.314Z] <<< [apiv2][status] POST https://upload-firebasehosting.googleapis.com/upload/sites/eclinic-ghana-project-c9747/versions/a9001ca5c6439200/files/6ac22c96c2b64cdad503a8ef532d55a8b221bfecfc422edb56775cf69175a3e0 200
[debug] [2025-08-20T23:26:14.314Z] <<< [apiv2][body] POST https://upload-firebasehosting.googleapis.com/upload/sites/eclinic-ghana-project-c9747/versions/a9001ca5c6439200/files/6ac22c96c2b64cdad503a8ef532d55a8b221bfecfc422edb56775cf69175a3e0 [stream]
[debug] [2025-08-20T23:26:14.564Z] <<< [apiv2][status] POST https://upload-firebasehosting.googleapis.com/upload/sites/eclinic-ghana-project-c9747/versions/a9001ca5c6439200/files/d9ea22102374b88b6fa3aada8046057a8656b550f2613d098da653bae4a7c2e3 200
[debug] [2025-08-20T23:26:14.565Z] <<< [apiv2][body] POST https://upload-firebasehosting.googleapis.com/upload/sites/eclinic-ghana-project-c9747/versions/a9001ca5c6439200/files/d9ea22102374b88b6fa3aada8046057a8656b550f2613d098da653bae4a7c2e3 [stream]
[debug] [2025-08-20T23:26:18.807Z] <<< [apiv2][status] POST https://upload-firebasehosting.googleapis.com/upload/sites/eclinic-ghana-project-c9747/versions/a9001ca5c6439200/files/62845adab7256d5543a6db30c939d60e792016ce29791075f61a8125723cf001 200
[debug] [2025-08-20T23:26:18.807Z] <<< [apiv2][body] POST https://upload-firebasehosting.googleapis.com/upload/sites/eclinic-ghana-project-c9747/versions/a9001ca5c6439200/files/62845adab7256d5543a6db30c939d60e792016ce29791075f61a8125723cf001 [stream]
[debug] [2025-08-20T23:26:34.553Z] <<< [apiv2][status] POST https://upload-firebasehosting.googleapis.com/upload/sites/eclinic-ghana-project-c9747/versions/a9001ca5c6439200/files/b95c2962e1861173de2da0a3c56e8df4007fcb0bc1b9dbf9fb675fb22f673402 200
[debug] [2025-08-20T23:26:34.554Z] <<< [apiv2][body] POST https://upload-firebasehosting.googleapis.com/upload/sites/eclinic-ghana-project-c9747/versions/a9001ca5c6439200/files/b95c2962e1861173de2da0a3c56e8df4007fcb0bc1b9dbf9fb675fb22f673402 [stream]
[debug] [2025-08-20T23:26:34.555Z] [hosting][upload queue][FINAL] {"max":22754,"min":2260,"avg":7459,"active":0,"complete":5,"success":5,"errored":0,"retried":0,"total":5,"elapsed":22754}
[info] +  hosting[eclinic-ghana-project-c9747]: file upload complete 
[debug] [2025-08-20T23:26:34.588Z] [hosting] deploy completed after 23528ms
[debug] [2025-08-20T23:26:34.589Z] [
  {
    "config": {
      "public": "build",
      "ignore": [
        "firebase.json",
        "**/.*",
        "**/node_modules/**"
      ],
      "rewrites": [
        {
          "source": "**",
          "destination": "/index.html"
        }
      ],
      "site": "eclinic-ghana-project-c9747"
    },
    "version": "projects/848469102189/sites/eclinic-ghana-project-c9747/versions/a9001ca5c6439200"
  }
]
[info] i  hosting[eclinic-ghana-project-c9747]: finalizing version... 
[debug] [2025-08-20T23:26:34.598Z] Checked if tokens are valid: true, expires at: 1755734178832
[debug] [2025-08-20T23:26:34.599Z] Checked if tokens are valid: true, expires at: 1755734178832
[debug] [2025-08-20T23:26:34.623Z] >>> [apiv2][query] PATCH https://firebasehosting.googleapis.com/v1beta1/projects/-/sites/eclinic-ghana-project-c9747/versions/a9001ca5c6439200 updateMask=status%2Cconfig
[debug] [2025-08-20T23:26:34.623Z] >>> [apiv2][body] PATCH https://firebasehosting.googleapis.com/v1beta1/projects/-/sites/eclinic-ghana-project-c9747/versions/a9001ca5c6439200 {"status":"FINALIZED","config":{"rewrites":[{"glob":"**","path":"/index.html"}]}}
[debug] [2025-08-20T23:26:43.330Z] <<< [apiv2][status] PATCH https://firebasehosting.googleapis.com/v1beta1/projects/-/sites/eclinic-ghana-project-c9747/versions/a9001ca5c6439200 200
[debug] [2025-08-20T23:26:43.330Z] <<< [apiv2][body] PATCH https://firebasehosting.googleapis.com/v1beta1/projects/-/sites/eclinic-ghana-project-c9747/versions/a9001ca5c6439200 {"name":"projects/848469102189/sites/eclinic-ghana-project-c9747/versions/a9001ca5c6439200","status":"FINALIZED","config":{"rewrites":[{"glob":"**","path":"/index.html"}]},"labels":{"deployment-tool":"cli-firebase"},"createTime":"2025-08-20T23:26:10.676189Z","createUser":{"email":"Manuwinfred369@gmail.com"},"finalizeTime":"2025-08-20T23:26:43.196772Z","finalizeUser":{"email":"Manuwinfred369@gmail.com"}}
[debug] [2025-08-20T23:26:43.330Z] [hosting] finalized version for eclinic-ghana-project-c9747:[object Object]
[info] +  hosting[eclinic-ghana-project-c9747]: version finalized 
[info] i  hosting[eclinic-ghana-project-c9747]: releasing new version... 
[debug] [2025-08-20T23:26:43.331Z] Checked if tokens are valid: true, expires at: 1755734178832
[debug] [2025-08-20T23:26:43.331Z] Checked if tokens are valid: true, expires at: 1755734178832
[debug] [2025-08-20T23:26:43.331Z] >>> [apiv2][query] POST https://firebasehosting.googleapis.com/v1beta1/projects/-/sites/eclinic-ghana-project-c9747/channels/live/releases versionName=projects%2F848469102189%2Fsites%2Feclinic-ghana-project-c9747%2Fversions%2Fa9001ca5c6439200
[debug] [2025-08-20T23:26:43.332Z] >>> [apiv2][body] POST https://firebasehosting.googleapis.com/v1beta1/projects/-/sites/eclinic-ghana-project-c9747/channels/live/releases {}
[debug] [2025-08-20T23:26:46.627Z] <<< [apiv2][status] POST https://firebasehosting.googleapis.com/v1beta1/projects/-/sites/eclinic-ghana-project-c9747/channels/live/releases 200
[debug] [2025-08-20T23:26:46.627Z] <<< [apiv2][body] POST https://firebasehosting.googleapis.com/v1beta1/projects/-/sites/eclinic-ghana-project-c9747/channels/live/releases {"name":"projects/848469102189/sites/eclinic-ghana-project-c9747/channels/live/releases/1755732405944000","version":{"name":"projects/848469102189/sites/eclinic-ghana-project-c9747/versions/a9001ca5c6439200","status":"FINALIZED","config":{"rewrites":[{"glob":"**","path":"/index.html"}]},"labels":{"deployment-tool":"cli-firebase"},"createTime":"2025-08-20T23:26:10.676189Z","createUser":{"email":"Manuwinfred369@gmail.com","imageUrl":"https://lh3.googleusercontent.com/a/ACg8ocLkgSFcWwibjV_vCH-4iDqzNsSfariq7QkObwzAL8LwVcjwhtg"},"finalizeTime":"2025-08-20T23:26:43.196772Z","finalizeUser":{"email":"Manuwinfred369@gmail.com","imageUrl":"https://lh3.googleusercontent.com/a/ACg8ocLkgSFcWwibjV_vCH-4iDqzNsSfariq7QkObwzAL8LwVcjwhtg"}},"type":"DEPLOY","releaseTime":"2025-08-20T23:26:45.944Z","releaseUser":{"email":"Manuwinfred369@gmail.com","imageUrl":"https://lh3.googleusercontent.com/a/ACg8ocLkgSFcWwibjV_vCH-4iDqzNsSfariq7QkObwzAL8LwVcjwhtg"}}
[debug] [2025-08-20T23:26:46.627Z] [hosting] release: {"name":"projects/848469102189/sites/eclinic-ghana-project-c9747/channels/live/releases/1755732405944000","version":{"name":"projects/848469102189/sites/eclinic-ghana-project-c9747/versions/a9001ca5c6439200","status":"FINALIZED","config":{"rewrites":[{"glob":"**","path":"/index.html"}]},"labels":{"deployment-tool":"cli-firebase"},"createTime":"2025-08-20T23:26:10.676189Z","createUser":{"email":"Manuwinfred369@gmail.com","imageUrl":"https://lh3.googleusercontent.com/a/ACg8ocLkgSFcWwibjV_vCH-4iDqzNsSfariq7QkObwzAL8LwVcjwhtg"},"finalizeTime":"2025-08-20T23:26:43.196772Z","finalizeUser":{"email":"Manuwinfred369@gmail.com","imageUrl":"https://lh3.googleusercontent.com/a/ACg8ocLkgSFcWwibjV_vCH-4iDqzNsSfariq7QkObwzAL8LwVcjwhtg"}},"type":"DEPLOY","releaseTime":"2025-08-20T23:26:45.944Z","releaseUser":{"email":"Manuwinfred369@gmail.com","imageUrl":"https://lh3.googleusercontent.com/a/ACg8ocLkgSFcWwibjV_vCH-4iDqzNsSfariq7QkObwzAL8LwVcjwhtg"}}
[info] +  hosting[eclinic-ghana-project-c9747]: release complete 
[info] 
[info] +  Deploy complete! 
[info] 
[info] Project Console: https://console.firebase.google.com/project/eclinic-ghana-project-c9747/overview
[info] Hosting URL: https://eclinic-ghana-project-c9747.web.app
[debug] [2025-08-20T23:27:06.891Z] Error: Timed out.
    at Timeout._onTimeout (C:\Users\ColorVision Tech\AppData\Roaming\npm\node_modules\firebase-tools\lib\utils.js:273:49)
    at listOnTimeout (node:internal/timers:588:17)
    at process.processTimers (node:internal/timers:523:7)
[error] 
[error] Error: An unexpected error has occurred.
